<?xml version="1.0" encoding="UTF-8"?>
<!-- Generated by org.testng.reporters.JUnitReportReporter -->
<testsuite hostname="MSI" failures="0" tests="1" name="frameWorkParameterozation_Assertions.newGoogleAccount" time="30.148" errors="0" timestamp="2022-02-14T14:54:39 IST" skipped="0">
  <testcase classname="frameWorkParameterozation_Assertions.newGoogleAccount" name="testCreate" time="30.148"/>
  <system-out/>
</testsuite> <!-- frameWorkParameterozation_Assertions.newGoogleAccount -->
