<?xml version="1.0" encoding="UTF-8"?>
<!-- Generated by org.testng.reporters.JUnitReportReporter -->
<testsuite hostname="MSI" failures="0" tests="1" name="Selenium_Framework_Assignments.bootstrapDropdown" time="11.571" errors="0" timestamp="2022-02-14T09:27:10 IST" skipped="0">
  <testcase classname="Selenium_Framework_Assignments.bootstrapDropdown" name="testBootStrap" time="11.571"/>
  <system-out/>
</testsuite> <!-- Selenium_Framework_Assignments.bootstrapDropdown -->
