<?xml version="1.0" encoding="UTF-8"?>
<!-- Generated by org.testng.reporters.JUnitReportReporter -->
<testsuite hostname="MSI" failures="0" tests="1" name="frameWorkParameterozation_Assertions.ReadExcel" time="0.744" errors="0" timestamp="2022-02-14T09:23:13 IST" skipped="0">
  <testcase classname="frameWorkParameterozation_Assertions.ReadExcel" name="testExcel" time="0.744"/>
  <system-out/>
</testsuite> <!-- frameWorkParameterozation_Assertions.ReadExcel -->
