<?xml version="1.0" encoding="UTF-8"?>
<!-- Generated by org.testng.reporters.JUnitReportReporter -->
<testsuite hostname="MSI" failures="0" tests="1" name="frameWorkParameterozation_Assertions.Pincode" time="52.497" errors="0" timestamp="2022-02-14T14:56:39 IST" skipped="0">
  <testcase classname="frameWorkParameterozation_Assertions.Pincode" name="testPincode" time="52.497"/>
  <system-out/>
</testsuite> <!-- frameWorkParameterozation_Assertions.Pincode -->
