<?xml version="1.0" encoding="UTF-8"?>
<!-- Generated by org.testng.reporters.JUnitReportReporter -->
<testsuite hostname="MSI" failures="0" tests="1" name="frameWorkParameterozation_Assertions.TakeScreenshot" time="14.378" errors="0" timestamp="2022-02-14T14:58:42 IST" skipped="0">
  <testcase classname="frameWorkParameterozation_Assertions.TakeScreenshot" name="takeShot" time="14.378"/>
  <system-out/>
</testsuite> <!-- frameWorkParameterozation_Assertions.TakeScreenshot -->
