<?xml version="1.0" encoding="UTF-8"?>
<!-- Generated by org.testng.reporters.JUnitReportReporter -->
<testsuite hostname="MSI" failures="0" tests="1" name="Selenium_Framework_Assignments.GoogleSearchWebPage" time="53.583" errors="0" timestamp="2022-02-14T15:01:35 IST" skipped="0">
  <testcase classname="Selenium_Framework_Assignments.GoogleSearchWebPage" name="testSearchWebpage" time="53.583"/>
  <system-out/>
</testsuite> <!-- Selenium_Framework_Assignments.GoogleSearchWebPage -->
