<?xml version="1.0" encoding="UTF-8"?>
<!-- Generated by org.testng.reporters.JUnitReportReporter -->
<testsuite hostname="MSI" failures="0" tests="4" name="frameWorkParameterozation_Assertions.dataProvider" time="18.602" errors="0" timestamp="2022-02-14T15:07:50 IST" skipped="0">
  <testcase classname="frameWorkParameterozation_Assertions.dataProvider" name="search" time="3.411"/>
  <system-out/>
  <testcase classname="frameWorkParameterozation_Assertions.dataProvider" name="search" time="3.561"/>
  <system-out/>
  <testcase classname="frameWorkParameterozation_Assertions.dataProvider" name="search" time="8.142"/>
  <system-out/>
  <testcase classname="frameWorkParameterozation_Assertions.dataProvider" name="search" time="3.488"/>
  <system-out/>
</testsuite> <!-- frameWorkParameterozation_Assertions.dataProvider -->
