<?xml version="1.0" encoding="UTF-8"?>
<!-- Generated by org.testng.reporters.JUnitReportReporter -->
<testsuite hostname="MSI" failures="0" tests="1" name="Selenium_Framework_Assignments.windowPopup" time="15.266" errors="0" timestamp="2022-02-14T15:03:11 IST" skipped="0">
  <testcase classname="Selenium_Framework_Assignments.windowPopup" name="testPopup" time="15.266"/>
  <system-out/>
</testsuite> <!-- Selenium_Framework_Assignments.windowPopup -->
