<?xml version="1.0" encoding="UTF-8"?>
<!-- Generated by org.testng.reporters.JUnitReportReporter -->
<testsuite hostname="MSI" failures="0" tests="1" name="frameWorkParameterozation_Assertions.SwitchTab" time="33.424" errors="0" timestamp="2022-02-14T14:58:00 IST" skipped="0">
  <testcase classname="frameWorkParameterozation_Assertions.SwitchTab" name="testTabSwitch" time="33.424"/>
  <system-out/>
</testsuite> <!-- frameWorkParameterozation_Assertions.SwitchTab -->
